<?xml version="1.0" encoding="UTF-8"?>
<testsuites name="Main study" time="54.046" tests="2" failures="0" errors="0">
   <testsuite name="Main study" tests="2" failures="0" errors="0" time="54.046" timestamp="2019-11-20 20:26:24" hostname="Gerben Rienk - GroteMan.fritz.box" id="Test Suites/Main study">
      <properties>
         <property name="deviceName" value=""/>
         <property name="devicePlatform" value=""/>
         <property name="logFolder" value="C:\\Users\\Gerben Rienk\\Katalon Studio\\T2\\Reports\\20191120_202609\\Main study\\20191120_202609"/>
         <property name="logFiles" value="C:\\Users\\Gerben Rienk\\Katalon Studio\\T2\\Reports\\20191120_202609\\Main study\\20191120_202609\\execution0.log"/>
         <property name="attachments" value=""/>
         <property name="hostName" value="Gerben Rienk - GroteMan.fritz.box"/>
         <property name="os" value="Windows 10 64bit"/>
         <property name="katalonVersion" value="7.0.10.1"/>
         <property name="browser" value="Chrome 78.0.3904.97"/>
         <property name="hostAddress" value="192.168.178.142"/>
         <property name="sessionId" value="14ba1526f81abd0c376d1895f8f1e257"/>
         <property name="seleniumVersion" value="3.141.59"/>
         <property name="proxyInformation" value="ProxyInformation{proxyOption=NO_PROXY, proxyServerType=HTTP, password=, proxyServerAddress=, proxyServerPort=0}"/>
         <property name="platform" value="Windows 10"/>
      </properties>
      <testcase name="Test Cases/techadmin_login" time="12.805" classname="Test Cases/techadmin_login" status="PASSED">
         <system-out><![CDATA[2019-11-20 20:26:24 - [TEST_CASE][PASSED] - Test Cases/techadmin_login: Test Cases/techadmin_login

2019-11-20 20:26:25 - [TEST_STEP][PASSED] - use(groovy.time.TimeCategory, { -> ... }): null

2019-11-20 20:26:25 - [TEST_STEP][PASSED] - openBrowser(""): Browser is opened with url: ''

2019-11-20 20:26:26 - [MESSAGE][INFO] - Starting 'Chrome' driver

2019-11-20 20:26:26 - [MESSAGE][INFO] - Action delay is set to 0 seconds

2019-11-20 20:26:33 - [MESSAGE][PASSED] - Browser is opened with url: ''

2019-11-20 20:26:33 - [TEST_STEP][PASSED] - login_url = lc_url + "/pages/login/login": null

2019-11-20 20:26:33 - [TEST_STEP][PASSED] - navigateToUrl(login_url): Navigate to 'https://tds-edc.com/lcw040/pages/login/login' successfully

2019-11-20 20:26:35 - [MESSAGE][PASSED] - Navigate to 'https://tds-edc.com/lcw040/pages/login/login' successfully

2019-11-20 20:26:35 - [TEST_STEP][PASSED] - setText(findTestObject("Object Repository/input_User Name_j_username"), tech_admin): Text 'lctest_techadmin' is set on object 'Object Repository/input_User Name_j_username'

2019-11-20 20:26:36 - [MESSAGE][PASSED] - Text 'lctest_techadmin' is set on object 'Object Repository/input_User Name_j_username'

2019-11-20 20:26:36 - [TEST_STEP][PASSED] - setEncryptedText(findTestObject("input_Password_j_password"), tech_admin_pw): Text ****** has been set on object 'Object Repository/input_Password_j_password'

2019-11-20 20:26:36 - [MESSAGE][PASSED] - Text ****** has been set on object 'Object Repository/input_Password_j_password'

2019-11-20 20:26:36 - [TEST_STEP][PASSED] - sendKeys(findTestObject("Object Repository/input_Password_j_password"), Keys.chord(ENTER)): Keys 'ENTER + ' sent to object: 'Object Repository/input_Password_j_password'

2019-11-20 20:26:37 - [MESSAGE][PASSED] - Keys 'ENTER + ' sent to object: 'Object Repository/input_Password_j_password']]></system-out>
         <system-err><![CDATA[]]></system-err>
      </testcase>
      <testcase name="Test Cases/Study details" time="38.941" classname="Test Cases/Study details" status="PASSED">
         <system-out><![CDATA[2019-11-20 20:26:37 - [TEST_CASE][PASSED] - Test Cases/Study details: Test Cases/Study details

2019-11-20 20:26:38 - [TEST_STEP][PASSED] - click(findTestObject("Object Repository/Page_OpenClinica/a_Tasks")): Object: 'Object Repository/Page_OpenClinica/a_Tasks' is clicked on

2019-11-20 20:26:38 - [MESSAGE][PASSED] - Object: 'Object Repository/Page_OpenClinica/a_Tasks' is clicked on

2019-11-20 20:26:38 - [TEST_STEP][PASSED] - click(findTestObject("Object Repository/Page_OpenClinica/a_Studies")): Object: 'Object Repository/Page_OpenClinica/a_Studies' is clicked on

2019-11-20 20:26:39 - [MESSAGE][PASSED] - Object: 'Object Repository/Page_OpenClinica/a_Studies' is clicked on

2019-11-20 20:26:39 - [TEST_STEP][PASSED] - click(findTestObject("Object Repository/Page_OpenClinica/a_Create a New Study")): Object: 'Object Repository/Page_OpenClinica/a_Create a New Study' is clicked on

2019-11-20 20:26:40 - [MESSAGE][PASSED] - Object: 'Object Repository/Page_OpenClinica/a_Create a New Study' is clicked on

2019-11-20 20:26:40 - [TEST_STEP][PASSED] - setText(findTestObject("Object Repository/Page_OpenClinica/input_Unique Protocol ID_uniqueProId"), "LCTEST"): Text 'LCTEST' is set on object 'Object Repository/Page_OpenClinica/input_Unique Protocol ID_uniqueProId'

2019-11-20 20:26:41 - [MESSAGE][PASSED] - Text 'LCTEST' is set on object 'Object Repository/Page_OpenClinica/input_Unique Protocol ID_uniqueProId'

2019-11-20 20:26:41 - [TEST_STEP][PASSED] - setText(findTestObject("Object Repository/Page_OpenClinica/input_Brief Title_name"), "LibreClinica Test Study"): Text 'LibreClinica Test Study' is set on object 'Object Repository/Page_OpenClinica/input_Brief Title_name'

2019-11-20 20:26:41 - [MESSAGE][PASSED] - Text 'LibreClinica Test Study' is set on object 'Object Repository/Page_OpenClinica/input_Brief Title_name'

2019-11-20 20:26:41 - [TEST_STEP][PASSED] - setText(findTestObject("Object Repository/Page_OpenClinica/input_Official Title_officialTitle"), "LC Official Title"): Text 'LC Official Title' is set on object 'Object Repository/Page_OpenClinica/input_Official Title_officialTitle'

2019-11-20 20:26:42 - [MESSAGE][PASSED] - Text 'LC Official Title' is set on object 'Object Repository/Page_OpenClinica/input_Official Title_officialTitle'

2019-11-20 20:26:42 - [TEST_STEP][PASSED] - setText(findTestObject("Object Repository/Page_OpenClinica/textarea_Secondary IDs_secondProId"), "LC Secondary IDs"): Text 'LC Secondary IDs' is set on object 'Object Repository/Page_OpenClinica/textarea_Secondary IDs_secondProId'

2019-11-20 20:26:42 - [MESSAGE][PASSED] - Text 'LC Secondary IDs' is set on object 'Object Repository/Page_OpenClinica/textarea_Secondary IDs_secondProId'

2019-11-20 20:26:42 - [TEST_STEP][PASSED] - setText(findTestObject("Object Repository/Page_OpenClinica/input_Principal Investigator_prinInvestigator"), "LC Principal Investigator"): Text 'LC Principal Investigator' is set on object 'Object Repository/Page_OpenClinica/input_Principal Investigator_prinInvestigator'

2019-11-20 20:26:43 - [MESSAGE][PASSED] - Text 'LC Principal Investigator' is set on object 'Object Repository/Page_OpenClinica/input_Principal Investigator_prinInvestigator'

2019-11-20 20:26:43 - [TEST_STEP][PASSED] - setText(findTestObject("Object Repository/Page_OpenClinica/textarea_Brief Summary_description"), "LC Brief Summary"): Text 'LC Brief Summary' is set on object 'Object Repository/Page_OpenClinica/textarea_Brief Summary_description'

2019-11-20 20:26:44 - [MESSAGE][PASSED] - Text 'LC Brief Summary' is set on object 'Object Repository/Page_OpenClinica/textarea_Brief Summary_description'

2019-11-20 20:26:44 - [TEST_STEP][PASSED] - setText(findTestObject("Object Repository/Page_OpenClinica/textarea_Detailed Description_protocolDescription"), "LC Detailed Description"): Text 'LC Detailed Description' is set on object 'Object Repository/Page_OpenClinica/textarea_Detailed Description_protocolDescription'

2019-11-20 20:26:44 - [MESSAGE][PASSED] - Text 'LC Detailed Description' is set on object 'Object Repository/Page_OpenClinica/textarea_Detailed Description_protocolDescription'

2019-11-20 20:26:44 - [TEST_STEP][PASSED] - click(findTestObject("Object Repository/Page_OpenClinica/div_Sponsor      Collaborators(separate by commas)")): Object: 'Object Repository/Page_OpenClinica/div_Sponsor      Collaborators(separate by commas)' is clicked on

2019-11-20 20:26:45 - [MESSAGE][PASSED] - Object: 'Object Repository/Page_OpenClinica/div_Sponsor      Collaborators(separate by commas)' is clicked on

2019-11-20 20:26:45 - [TEST_STEP][PASSED] - setText(findTestObject("Object Repository/Page_OpenClinica/input_Sponsor_sponsor"), "LC Sponsor"): Text 'LC Sponsor' is set on object 'Object Repository/Page_OpenClinica/input_Sponsor_sponsor'

2019-11-20 20:26:45 - [MESSAGE][PASSED] - Text 'LC Sponsor' is set on object 'Object Repository/Page_OpenClinica/input_Sponsor_sponsor'

2019-11-20 20:26:45 - [TEST_STEP][PASSED] - setText(findTestObject("Object Repository/Page_OpenClinica/textarea_Collaborators(separate by commas)__2b0c49"), "LC Collaborators"): Text 'LC Collaborators' is set on object 'Object Repository/Page_OpenClinica/textarea_Collaborators(separate by commas)__2b0c49'

2019-11-20 20:26:46 - [MESSAGE][PASSED] - Text 'LC Collaborators' is set on object 'Object Repository/Page_OpenClinica/textarea_Collaborators(separate by commas)__2b0c49'

2019-11-20 20:26:46 - [TEST_STEP][PASSED] - click(findTestObject("Object Repository/Page_OpenClinica/input_Select User _Save")): Object: 'Object Repository/Page_OpenClinica/input_Select User _Save' is clicked on

2019-11-20 20:26:47 - [MESSAGE][PASSED] - Object: 'Object Repository/Page_OpenClinica/input_Select User _Save' is clicked on

2019-11-20 20:26:47 - [TEST_STEP][PASSED] - click(findTestObject("Object Repository/Page_OpenClinica/a_Change StudySite")): Object: 'Object Repository/Page_OpenClinica/a_Change StudySite' is clicked on

2019-11-20 20:26:48 - [MESSAGE][PASSED] - Object: 'Object Repository/Page_OpenClinica/a_Change StudySite' is clicked on

2019-11-20 20:26:48 - [TEST_STEP][PASSED] - click(findTestObject("Object Repository/Page_OpenClinica/input_Default Study (Data Manager)_studyId")): Object: 'Object Repository/Page_OpenClinica/input_Default Study (Data Manager)_studyId' is clicked on

2019-11-20 20:26:48 - [MESSAGE][PASSED] - Object: 'Object Repository/Page_OpenClinica/input_Default Study (Data Manager)_studyId' is clicked on

2019-11-20 20:26:48 - [TEST_STEP][PASSED] - click(findTestObject("Object Repository/Page_OpenClinica/input_LibreClinica Test Study (Data Manager_046002")): Object: 'Object Repository/Page_OpenClinica/input_LibreClinica Test Study (Data Manager_046002' is clicked on

2019-11-20 20:26:49 - [MESSAGE][PASSED] - Object: 'Object Repository/Page_OpenClinica/input_LibreClinica Test Study (Data Manager_046002' is clicked on

2019-11-20 20:26:49 - [TEST_STEP][PASSED] - click(findTestObject("Object Repository/Page_OpenClinica/input_LibreClinica Test Study (Data Manager_046002")): Object: 'Object Repository/Page_OpenClinica/input_LibreClinica Test Study (Data Manager_046002' is clicked on

2019-11-20 20:26:50 - [MESSAGE][PASSED] - Object: 'Object Repository/Page_OpenClinica/input_LibreClinica Test Study (Data Manager_046002' is clicked on

2019-11-20 20:26:50 - [TEST_STEP][PASSED] - click(findTestObject("Object Repository/Page_OpenClinica/img")): Object: 'Object Repository/Page_OpenClinica/img' is clicked on

2019-11-20 20:26:51 - [MESSAGE][PASSED] - Object: 'Object Repository/Page_OpenClinica/img' is clicked on

2019-11-20 20:26:51 - [TEST_STEP][PASSED] - setText(findTestObject("Object Repository/Page_OpenClinica/input_Protocol VerificationIRB Approval Dat_68d9db"), "01-Nov-2019"): Text '01-Nov-2019' is set on object 'Object Repository/Page_OpenClinica/input_Protocol VerificationIRB Approval Dat_68d9db'

2019-11-20 20:26:52 - [MESSAGE][PASSED] - Text '01-Nov-2019' is set on object 'Object Repository/Page_OpenClinica/input_Protocol VerificationIRB Approval Dat_68d9db'

2019-11-20 20:26:52 - [TEST_STEP][PASSED] - setText(findTestObject("Object Repository/Page_OpenClinica/input_Study Start Date_startDate"), "02-Nov-2019"): Text '02-Nov-2019' is set on object 'Object Repository/Page_OpenClinica/input_Study Start Date_startDate'

2019-11-20 20:26:52 - [MESSAGE][PASSED] - Text '02-Nov-2019' is set on object 'Object Repository/Page_OpenClinica/input_Study Start Date_startDate'

2019-11-20 20:26:52 - [TEST_STEP][PASSED] - setText(findTestObject("Object Repository/Page_OpenClinica/input_Study Completion Date_endDate"), "03-Nov-2019"): Text '03-Nov-2019' is set on object 'Object Repository/Page_OpenClinica/input_Study Completion Date_endDate'

2019-11-20 20:26:53 - [MESSAGE][PASSED] - Text '03-Nov-2019' is set on object 'Object Repository/Page_OpenClinica/input_Study Completion Date_endDate'

2019-11-20 20:26:53 - [TEST_STEP][PASSED] - selectOptionByValue(findTestObject("Object Repository/Page_OpenClinica/select_-Select-                            _31eb25"), "randomized", true): All options with value 'randomized' are selected in object 'Object Repository/Page_OpenClinica/select_-Select-                            _31eb25'  using regular expression

2019-11-20 20:26:54 - [MESSAGE][PASSED] - All options with value 'randomized' are selected in object 'Object Repository/Page_OpenClinica/select_-Select-                            _31eb25'  using regular expression

2019-11-20 20:26:54 - [TEST_STEP][PASSED] - selectOptionByValue(findTestObject("Object Repository/Page_OpenClinica/select_-Select-                            _78ca45"), "double_blind", true): All options with value 'double_blind' are selected in object 'Object Repository/Page_OpenClinica/select_-Select-                            _78ca45'  using regular expression

2019-11-20 20:26:55 - [MESSAGE][PASSED] - All options with value 'double_blind' are selected in object 'Object Repository/Page_OpenClinica/select_-Select-                            _78ca45'  using regular expression

2019-11-20 20:26:55 - [TEST_STEP][PASSED] - selectOptionByValue(findTestObject("Object Repository/Page_OpenClinica/select_-Select-                            _74f527"), "placebo", true): All options with value 'placebo' are selected in object 'Object Repository/Page_OpenClinica/select_-Select-                            _74f527'  using regular expression

2019-11-20 20:26:56 - [MESSAGE][PASSED] - All options with value 'placebo' are selected in object 'Object Repository/Page_OpenClinica/select_-Select-                            _74f527'  using regular expression

2019-11-20 20:26:56 - [TEST_STEP][PASSED] - selectOptionByValue(findTestObject("Object Repository/Page_OpenClinica/select_-Select-                            _0605f9"), "parallel", true): All options with value 'parallel' are selected in object 'Object Repository/Page_OpenClinica/select_-Select-                            _0605f9'  using regular expression

2019-11-20 20:26:57 - [MESSAGE][PASSED] - All options with value 'parallel' are selected in object 'Object Repository/Page_OpenClinica/select_-Select-                            _0605f9'  using regular expression

2019-11-20 20:26:57 - [TEST_STEP][PASSED] - selectOptionByValue(findTestObject("Object Repository/Page_OpenClinica/select_-Select-                            _5c021a"), "pharmacokinetics", true): All options with value 'pharmacokinetics' are selected in object 'Object Repository/Page_OpenClinica/select_-Select-                            _5c021a'  using regular expression

2019-11-20 20:26:58 - [MESSAGE][PASSED] - All options with value 'pharmacokinetics' are selected in object 'Object Repository/Page_OpenClinica/select_-Select-                            _5c021a'  using regular expression

2019-11-20 20:26:58 - [TEST_STEP][PASSED] - click(findTestObject("Object Repository/Page_OpenClinica/span_Conditions and Eligibility")): Object: 'Object Repository/Page_OpenClinica/span_Conditions and Eligibility' is clicked on

2019-11-20 20:26:58 - [MESSAGE][PASSED] - Object: 'Object Repository/Page_OpenClinica/span_Conditions and Eligibility' is clicked on

2019-11-20 20:26:58 - [TEST_STEP][PASSED] - setText(findTestObject("Object Repository/Page_OpenClinica/input_Conditions_conditions"), "LC Conditions"): Text 'LC Conditions' is set on object 'Object Repository/Page_OpenClinica/input_Conditions_conditions'

2019-11-20 20:26:59 - [MESSAGE][PASSED] - Text 'LC Conditions' is set on object 'Object Repository/Page_OpenClinica/input_Conditions_conditions'

2019-11-20 20:26:59 - [TEST_STEP][PASSED] - setText(findTestObject("Object Repository/Page_OpenClinica/textarea_Keywords(separate by commas)_keywords"), "LC Keywords"): Text 'LC Keywords' is set on object 'Object Repository/Page_OpenClinica/textarea_Keywords(separate by commas)_keywords'

2019-11-20 20:26:59 - [MESSAGE][PASSED] - Text 'LC Keywords' is set on object 'Object Repository/Page_OpenClinica/textarea_Keywords(separate by commas)_keywords'

2019-11-20 20:26:59 - [TEST_STEP][PASSED] - setText(findTestObject("Object Repository/Page_OpenClinica/textarea_Eligibility Criteria_eligibility"), "LC Eligibity Criteria"): Text 'LC Eligibity Criteria' is set on object 'Object Repository/Page_OpenClinica/textarea_Eligibility Criteria_eligibility'

2019-11-20 20:27:00 - [MESSAGE][PASSED] - Text 'LC Eligibity Criteria' is set on object 'Object Repository/Page_OpenClinica/textarea_Eligibility Criteria_eligibility'

2019-11-20 20:27:00 - [TEST_STEP][PASSED] - setText(findTestObject("Object Repository/Page_OpenClinica/input_Minimum Age_ageMin"), "0"): Text '0' is set on object 'Object Repository/Page_OpenClinica/input_Minimum Age_ageMin'

2019-11-20 20:27:00 - [MESSAGE][PASSED] - Text '0' is set on object 'Object Repository/Page_OpenClinica/input_Minimum Age_ageMin'

2019-11-20 20:27:00 - [TEST_STEP][PASSED] - setText(findTestObject("Object Repository/Page_OpenClinica/input_Maximum Age_ageMax"), "100"): Text '100' is set on object 'Object Repository/Page_OpenClinica/input_Maximum Age_ageMax'

2019-11-20 20:27:01 - [MESSAGE][PASSED] - Text '100' is set on object 'Object Repository/Page_OpenClinica/input_Maximum Age_ageMax'

2019-11-20 20:27:01 - [TEST_STEP][PASSED] - selectOptionByValue(findTestObject("Object Repository/Page_OpenClinica/select_Yes          No"), "1", true): All options with value '1' are selected in object 'Object Repository/Page_OpenClinica/select_Yes          No'  using regular expression

2019-11-20 20:27:02 - [MESSAGE][PASSED] - All options with value '1' are selected in object 'Object Repository/Page_OpenClinica/select_Yes          No'  using regular expression

2019-11-20 20:27:02 - [TEST_STEP][PASSED] - setText(findTestObject("Object Repository/Page_OpenClinica/input_Expected total enrollment_expectedTot_acb6fa"), "1000"): Text '1000' is set on object 'Object Repository/Page_OpenClinica/input_Expected total enrollment_expectedTot_acb6fa'

2019-11-20 20:27:02 - [MESSAGE][PASSED] - Text '1000' is set on object 'Object Repository/Page_OpenClinica/input_Expected total enrollment_expectedTot_acb6fa'

2019-11-20 20:27:02 - [TEST_STEP][PASSED] - click(findTestObject("Object Repository/Page_OpenClinica/span_Facility Information")): Object: 'Object Repository/Page_OpenClinica/span_Facility Information' is clicked on

2019-11-20 20:27:02 - [MESSAGE][PASSED] - Object: 'Object Repository/Page_OpenClinica/span_Facility Information' is clicked on

2019-11-20 20:27:02 - [TEST_STEP][PASSED] - setText(findTestObject("Object Repository/Page_OpenClinica/input_Facility Name_facName"), "LC Facility Name"): Text 'LC Facility Name' is set on object 'Object Repository/Page_OpenClinica/input_Facility Name_facName'

2019-11-20 20:27:03 - [MESSAGE][PASSED] - Text 'LC Facility Name' is set on object 'Object Repository/Page_OpenClinica/input_Facility Name_facName'

2019-11-20 20:27:03 - [TEST_STEP][PASSED] - setText(findTestObject("Object Repository/Page_OpenClinica/input_Facility City_facCity"), "LC Facility City"): Text 'LC Facility City' is set on object 'Object Repository/Page_OpenClinica/input_Facility City_facCity'

2019-11-20 20:27:04 - [MESSAGE][PASSED] - Text 'LC Facility City' is set on object 'Object Repository/Page_OpenClinica/input_Facility City_facCity'

2019-11-20 20:27:04 - [TEST_STEP][PASSED] - setText(findTestObject("Object Repository/Page_OpenClinica/input_Facility StateProvince_facState"), "LC Fac State"): Text 'LC Fac State' is set on object 'Object Repository/Page_OpenClinica/input_Facility StateProvince_facState'

2019-11-20 20:27:04 - [MESSAGE][PASSED] - Text 'LC Fac State' is set on object 'Object Repository/Page_OpenClinica/input_Facility StateProvince_facState'

2019-11-20 20:27:04 - [TEST_STEP][PASSED] - setText(findTestObject("Object Repository/Page_OpenClinica/input_Postal Code_facZip"), "LC Postal Code"): Text 'LC Postal Code' is set on object 'Object Repository/Page_OpenClinica/input_Postal Code_facZip'

2019-11-20 20:27:05 - [MESSAGE][PASSED] - Text 'LC Postal Code' is set on object 'Object Repository/Page_OpenClinica/input_Postal Code_facZip'

2019-11-20 20:27:05 - [TEST_STEP][PASSED] - setText(findTestObject("Object Repository/Page_OpenClinica/input_Facility Country_facCountry"), "LC Facility Country"): Text 'LC Facility Country' is set on object 'Object Repository/Page_OpenClinica/input_Facility Country_facCountry'

2019-11-20 20:27:06 - [MESSAGE][PASSED] - Text 'LC Facility Country' is set on object 'Object Repository/Page_OpenClinica/input_Facility Country_facCountry'

2019-11-20 20:27:06 - [TEST_STEP][PASSED] - setText(findTestObject("Object Repository/Page_OpenClinica/input_Facility Contact Name_facConName"), "LC Facility Name"): Text 'LC Facility Name' is set on object 'Object Repository/Page_OpenClinica/input_Facility Contact Name_facConName'

2019-11-20 20:27:06 - [MESSAGE][PASSED] - Text 'LC Facility Name' is set on object 'Object Repository/Page_OpenClinica/input_Facility Contact Name_facConName'

2019-11-20 20:27:06 - [TEST_STEP][PASSED] - setText(findTestObject("Object Repository/Page_OpenClinica/input_Facility Contact Degree_facConDegree"), "LC "): Text 'LC ' is set on object 'Object Repository/Page_OpenClinica/input_Facility Contact Degree_facConDegree'

2019-11-20 20:27:07 - [MESSAGE][PASSED] - Text 'LC ' is set on object 'Object Repository/Page_OpenClinica/input_Facility Contact Degree_facConDegree'

2019-11-20 20:27:07 - [TEST_STEP][PASSED] - setText(findTestObject("Object Repository/Page_OpenClinica/input_Facility Contact Name_facConName"), "LC Facility Contact Name"): Text 'LC Facility Contact Name' is set on object 'Object Repository/Page_OpenClinica/input_Facility Contact Name_facConName'

2019-11-20 20:27:07 - [MESSAGE][PASSED] - Text 'LC Facility Contact Name' is set on object 'Object Repository/Page_OpenClinica/input_Facility Contact Name_facConName'

2019-11-20 20:27:07 - [TEST_STEP][PASSED] - setText(findTestObject("Object Repository/Page_OpenClinica/input_Facility Contact Degree_facConDegree"), "LC Facility Contact Degree"): Text 'LC Facility Contact Degree' is set on object 'Object Repository/Page_OpenClinica/input_Facility Contact Degree_facConDegree'

2019-11-20 20:27:08 - [MESSAGE][PASSED] - Text 'LC Facility Contact Degree' is set on object 'Object Repository/Page_OpenClinica/input_Facility Contact Degree_facConDegree'

2019-11-20 20:27:08 - [TEST_STEP][PASSED] - setText(findTestObject("Object Repository/Page_OpenClinica/input_Facility Contact Phone_facConPhone"), "LC Facility Contact Phone"): Text 'LC Facility Contact Phone' is set on object 'Object Repository/Page_OpenClinica/input_Facility Contact Phone_facConPhone'

2019-11-20 20:27:09 - [MESSAGE][PASSED] - Text 'LC Facility Contact Phone' is set on object 'Object Repository/Page_OpenClinica/input_Facility Contact Phone_facConPhone'

2019-11-20 20:27:09 - [TEST_STEP][PASSED] - setText(findTestObject("Object Repository/Page_OpenClinica/input_Facility Contact Email_facConEmail"), "LC.Facility@lc.org"): Text 'LC.Facility@lc.org' is set on object 'Object Repository/Page_OpenClinica/input_Facility Contact Email_facConEmail'

2019-11-20 20:27:10 - [MESSAGE][PASSED] - Text 'LC.Facility@lc.org' is set on object 'Object Repository/Page_OpenClinica/input_Facility Contact Email_facConEmail'

2019-11-20 20:27:10 - [TEST_STEP][PASSED] - click(findTestObject("Object Repository/Page_OpenClinica/span_Related Information")): Object: 'Object Repository/Page_OpenClinica/span_Related Information' is clicked on

2019-11-20 20:27:10 - [MESSAGE][PASSED] - Object: 'Object Repository/Page_OpenClinica/span_Related Information' is clicked on

2019-11-20 20:27:10 - [TEST_STEP][PASSED] - setText(findTestObject("Object Repository/Page_OpenClinica/input_MEDLINE Identifier_medlineIdentifier"), "LC Medline Identifier"): Text 'LC Medline Identifier' is set on object 'Object Repository/Page_OpenClinica/input_MEDLINE Identifier_medlineIdentifier'

2019-11-20 20:27:11 - [MESSAGE][PASSED] - Text 'LC Medline Identifier' is set on object 'Object Repository/Page_OpenClinica/input_MEDLINE Identifier_medlineIdentifier'

2019-11-20 20:27:11 - [TEST_STEP][PASSED] - selectOptionByValue(findTestObject("Object Repository/Page_OpenClinica/select_Yes          No_1"), "1", true): All options with value '1' are selected in object 'Object Repository/Page_OpenClinica/select_Yes          No_1'  using regular expression

2019-11-20 20:27:12 - [MESSAGE][PASSED] - All options with value '1' are selected in object 'Object Repository/Page_OpenClinica/select_Yes          No_1'  using regular expression

2019-11-20 20:27:12 - [TEST_STEP][PASSED] - setText(findTestObject("Object Repository/Page_OpenClinica/input_URL Reference_url"), "LC Url Reference"): Text 'LC Url Reference' is set on object 'Object Repository/Page_OpenClinica/input_URL Reference_url'

2019-11-20 20:27:12 - [MESSAGE][PASSED] - Text 'LC Url Reference' is set on object 'Object Repository/Page_OpenClinica/input_URL Reference_url'

2019-11-20 20:27:12 - [TEST_STEP][PASSED] - setText(findTestObject("Object Repository/Page_OpenClinica/input_URL Description_urlDescription"), "LC Url Description"): Text 'LC Url Description' is set on object 'Object Repository/Page_OpenClinica/input_URL Description_urlDescription'

2019-11-20 20:27:13 - [MESSAGE][PASSED] - Text 'LC Url Description' is set on object 'Object Repository/Page_OpenClinica/input_URL Description_urlDescription'

2019-11-20 20:27:13 - [TEST_STEP][PASSED] - click(findTestObject("Object Repository/Page_OpenClinica/span_Study Parameter Configuration")): Object: 'Object Repository/Page_OpenClinica/span_Study Parameter Configuration' is clicked on

2019-11-20 20:27:13 - [MESSAGE][PASSED] - Object: 'Object Repository/Page_OpenClinica/span_Study Parameter Configuration' is clicked on

2019-11-20 20:27:13 - [TEST_STEP][PASSED] - click(findTestObject("Object Repository/Page_OpenClinica/input_RequiredOptionalNot Used_subjectPerso_cf04bc")): Object: 'Object Repository/Page_OpenClinica/input_RequiredOptionalNot Used_subjectPerso_cf04bc' is clicked on

2019-11-20 20:27:14 - [MESSAGE][PASSED] - Object: 'Object Repository/Page_OpenClinica/input_RequiredOptionalNot Used_subjectPerso_cf04bc' is clicked on

2019-11-20 20:27:14 - [TEST_STEP][PASSED] - click(findTestObject("Object Repository/Page_OpenClinica/input_YesNoNot Used_interviewerNameRequired")): Object: 'Object Repository/Page_OpenClinica/input_YesNoNot Used_interviewerNameRequired' is clicked on

2019-11-20 20:27:14 - [MESSAGE][PASSED] - Object: 'Object Repository/Page_OpenClinica/input_YesNoNot Used_interviewerNameRequired' is clicked on

2019-11-20 20:27:14 - [TEST_STEP][PASSED] - click(findTestObject("Object Repository/Page_OpenClinica/input_YesNoNot Used_interviewDateRequired")): Object: 'Object Repository/Page_OpenClinica/input_YesNoNot Used_interviewDateRequired' is clicked on

2019-11-20 20:27:15 - [MESSAGE][PASSED] - Object: 'Object Repository/Page_OpenClinica/input_YesNoNot Used_interviewDateRequired' is clicked on

2019-11-20 20:27:15 - [TEST_STEP][PASSED] - click(findTestObject("Object Repository/Page_OpenClinica/input_RequiredOptionalNot Used_eventLocatio_a6fb54")): Object: 'Object Repository/Page_OpenClinica/input_RequiredOptionalNot Used_eventLocatio_a6fb54' is clicked on

2019-11-20 20:27:15 - [MESSAGE][PASSED] - Object: 'Object Repository/Page_OpenClinica/input_RequiredOptionalNot Used_eventLocatio_a6fb54' is clicked on

2019-11-20 20:27:15 - [TEST_STEP][PASSED] - click(findTestObject("Object Repository/Page_OpenClinica/input_LibreClinica Test Study (Data Manager_046002")): Object: 'Object Repository/Page_OpenClinica/input_LibreClinica Test Study (Data Manager_046002' is clicked on

2019-11-20 20:27:16 - [MESSAGE][PASSED] - Object: 'Object Repository/Page_OpenClinica/input_LibreClinica Test Study (Data Manager_046002' is clicked on]]></system-out>
         <system-err><![CDATA[]]></system-err>
      </testcase>
      <system-out><![CDATA[2019-11-20 20:26:24 - [TEST_SUITE][PASSED] - Main study: Test Cases/Study details]]></system-out>
      <system-err><![CDATA[]]></system-err>
   </testsuite>
</testsuites>
